2020-09-08T07:18:53+00:00 DEBUG PERIODIC WITHDRAWAL SCHEDULER START :: September 8, 2020 3:18 pm
2020-09-08T07:18:53+00:00 DEBUG Periodic withdrawal start. Vendor :: 43 Store :: APPROVAL TEST
2020-09-08T07:18:53+00:00 DEBUG Periodic withdrawal payment method missing. Vendor :: 43 Store :: APPROVAL TEST
2020-09-08T07:18:53+00:00 DEBUG Periodic withdrawal end. Vendor :: 43 Store :: APPROVAL TEST
2020-09-08T07:18:53+00:00 DEBUG Periodic withdrawal start. Vendor :: 32 Store :: Watch Seller
2020-09-08T07:18:53+00:00 DEBUG Periodic withdrawal payment method missing. Vendor :: 32 Store :: Watch Seller
2020-09-08T07:18:53+00:00 DEBUG Periodic withdrawal end. Vendor :: 32 Store :: Watch Seller
2020-09-08T07:18:53+00:00 DEBUG PERIODIC WITHDRAWAL SCHEDULER END :: September 8, 2020 3:18 pm
2020-09-08T07:44:56+00:00 DEBUG PERIODIC WITHDRAWAL SCHEDULER START :: September 8, 2020 3:44 pm
2020-09-08T07:44:56+00:00 DEBUG Periodic withdrawal start. Vendor :: 43 Store :: APPROVAL TEST
2020-09-08T07:44:56+00:00 DEBUG Periodic withdrawal payment method missing. Vendor :: 43 Store :: APPROVAL TEST
2020-09-08T07:44:56+00:00 DEBUG Periodic withdrawal end. Vendor :: 43 Store :: APPROVAL TEST
2020-09-08T07:44:56+00:00 DEBUG Periodic withdrawal start. Vendor :: 32 Store :: Watch Seller
2020-09-08T07:44:56+00:00 DEBUG Periodic withdrawal payment method missing. Vendor :: 32 Store :: Watch Seller
2020-09-08T07:44:56+00:00 DEBUG Periodic withdrawal end. Vendor :: 32 Store :: Watch Seller
2020-09-08T07:44:56+00:00 DEBUG PERIODIC WITHDRAWAL SCHEDULER END :: September 8, 2020 3:44 pm
2020-09-08T07:53:40+00:00 DEBUG PERIODIC WITHDRAWAL SCHEDULER START :: September 8, 2020 3:53 pm
2020-09-08T07:53:40+00:00 DEBUG Periodic withdrawal start. Vendor :: 43 Store :: APPROVAL TEST
2020-09-08T07:53:40+00:00 DEBUG Periodic withdrawal payment method missing. Vendor :: 43 Store :: APPROVAL TEST
2020-09-08T07:53:40+00:00 DEBUG Periodic withdrawal end. Vendor :: 43 Store :: APPROVAL TEST
2020-09-08T07:53:40+00:00 DEBUG Periodic withdrawal start. Vendor :: 32 Store :: Watch Seller
2020-09-08T07:53:40+00:00 DEBUG Periodic withdrawal payment method missing. Vendor :: 32 Store :: Watch Seller
2020-09-08T07:53:40+00:00 DEBUG Periodic withdrawal end. Vendor :: 32 Store :: Watch Seller
2020-09-08T07:53:40+00:00 DEBUG PERIODIC WITHDRAWAL SCHEDULER END :: September 8, 2020 3:53 pm
2020-09-08T07:53:40+00:00 DEBUG PERIODIC WITHDRAWAL SCHEDULER START :: September 8, 2020 3:53 pm
2020-09-08T07:53:40+00:00 DEBUG Periodic withdrawal start. Vendor :: 43 Store :: APPROVAL TEST
2020-09-08T07:53:40+00:00 DEBUG Periodic withdrawal payment method missing. Vendor :: 43 Store :: APPROVAL TEST
2020-09-08T07:53:40+00:00 DEBUG Periodic withdrawal end. Vendor :: 43 Store :: APPROVAL TEST
2020-09-08T07:53:40+00:00 DEBUG Periodic withdrawal start. Vendor :: 32 Store :: Watch Seller
2020-09-08T07:53:40+00:00 DEBUG Periodic withdrawal payment method missing. Vendor :: 32 Store :: Watch Seller
2020-09-08T07:53:40+00:00 DEBUG Periodic withdrawal end. Vendor :: 32 Store :: Watch Seller
2020-09-08T07:53:40+00:00 DEBUG PERIODIC WITHDRAWAL SCHEDULER END :: September 8, 2020 3:53 pm
2020-09-08T08:08:43+00:00 DEBUG PERIODIC WITHDRAWAL SCHEDULER START :: September 8, 2020 4:08 pm
2020-09-08T08:08:43+00:00 DEBUG Periodic withdrawal start. Vendor :: 43 Store :: APPROVAL TEST
2020-09-08T08:08:43+00:00 DEBUG Periodic withdrawal payment method missing. Vendor :: 43 Store :: APPROVAL TEST
2020-09-08T08:08:43+00:00 DEBUG Periodic withdrawal end. Vendor :: 43 Store :: APPROVAL TEST
2020-09-08T08:08:43+00:00 DEBUG Periodic withdrawal start. Vendor :: 32 Store :: Watch Seller
2020-09-08T08:08:43+00:00 DEBUG Periodic withdrawal payment method missing. Vendor :: 32 Store :: Watch Seller
2020-09-08T08:08:43+00:00 DEBUG Periodic withdrawal end. Vendor :: 32 Store :: Watch Seller
2020-09-08T08:08:43+00:00 DEBUG PERIODIC WITHDRAWAL SCHEDULER END :: September 8, 2020 4:08 pm
2020-09-08T08:10:55+00:00 DEBUG PERIODIC WITHDRAWAL SCHEDULER START :: September 8, 2020 4:10 pm
2020-09-08T08:10:55+00:00 DEBUG Periodic withdrawal start. Vendor :: 43 Store :: APPROVAL TEST
2020-09-08T08:10:55+00:00 DEBUG Periodic withdrawal payment method missing. Vendor :: 43 Store :: APPROVAL TEST
2020-09-08T08:10:55+00:00 DEBUG Periodic withdrawal end. Vendor :: 43 Store :: APPROVAL TEST
2020-09-08T08:10:55+00:00 DEBUG Periodic withdrawal start. Vendor :: 32 Store :: Watch Seller
2020-09-08T08:10:55+00:00 DEBUG Periodic withdrawal payment method missing. Vendor :: 32 Store :: Watch Seller
2020-09-08T08:10:55+00:00 DEBUG Periodic withdrawal end. Vendor :: 32 Store :: Watch Seller
2020-09-08T08:10:55+00:00 DEBUG PERIODIC WITHDRAWAL SCHEDULER END :: September 8, 2020 4:10 pm
2020-09-08T08:18:00+00:00 DEBUG PERIODIC WITHDRAWAL SCHEDULER START :: September 8, 2020 4:18 pm
2020-09-08T08:18:00+00:00 DEBUG Periodic withdrawal start. Vendor :: 43 Store :: APPROVAL TEST
2020-09-08T08:18:00+00:00 DEBUG Periodic withdrawal payment method missing. Vendor :: 43 Store :: APPROVAL TEST
2020-09-08T08:18:00+00:00 DEBUG Periodic withdrawal end. Vendor :: 43 Store :: APPROVAL TEST
2020-09-08T08:18:00+00:00 DEBUG Periodic withdrawal start. Vendor :: 32 Store :: Watch Seller
2020-09-08T08:18:00+00:00 DEBUG Periodic withdrawal payment method missing. Vendor :: 32 Store :: Watch Seller
2020-09-08T08:18:00+00:00 DEBUG Periodic withdrawal end. Vendor :: 32 Store :: Watch Seller
2020-09-08T08:18:00+00:00 DEBUG PERIODIC WITHDRAWAL SCHEDULER END :: September 8, 2020 4:18 pm
2020-09-08T08:46:21+00:00 DEBUG PERIODIC WITHDRAWAL SCHEDULER START :: September 8, 2020 4:46 pm
2020-09-08T08:46:21+00:00 DEBUG Periodic withdrawal start. Vendor :: 43 Store :: APPROVAL TEST
2020-09-08T08:46:21+00:00 DEBUG Periodic withdrawal payment method missing. Vendor :: 43 Store :: APPROVAL TEST
2020-09-08T08:46:21+00:00 DEBUG Periodic withdrawal end. Vendor :: 43 Store :: APPROVAL TEST
2020-09-08T08:46:21+00:00 DEBUG Periodic withdrawal start. Vendor :: 32 Store :: Watch Seller
2020-09-08T08:46:21+00:00 DEBUG Periodic withdrawal payment method missing. Vendor :: 32 Store :: Watch Seller
2020-09-08T08:46:21+00:00 DEBUG Periodic withdrawal end. Vendor :: 32 Store :: Watch Seller
2020-09-08T08:46:21+00:00 DEBUG PERIODIC WITHDRAWAL SCHEDULER END :: September 8, 2020 4:46 pm
2020-09-08T09:05:22+00:00 DEBUG PERIODIC WITHDRAWAL SCHEDULER START :: September 8, 2020 5:05 pm
2020-09-08T09:05:22+00:00 DEBUG Periodic withdrawal start. Vendor :: 43 Store :: APPROVAL TEST
2020-09-08T09:05:22+00:00 DEBUG Periodic withdrawal payment method missing. Vendor :: 43 Store :: APPROVAL TEST
2020-09-08T09:05:22+00:00 DEBUG Periodic withdrawal end. Vendor :: 43 Store :: APPROVAL TEST
2020-09-08T09:05:22+00:00 DEBUG Periodic withdrawal start. Vendor :: 32 Store :: Watch Seller
2020-09-08T09:05:22+00:00 DEBUG Periodic withdrawal payment method missing. Vendor :: 32 Store :: Watch Seller
2020-09-08T09:05:22+00:00 DEBUG Periodic withdrawal end. Vendor :: 32 Store :: Watch Seller
2020-09-08T09:05:22+00:00 DEBUG PERIODIC WITHDRAWAL SCHEDULER END :: September 8, 2020 5:05 pm
2020-09-08T09:48:45+00:00 DEBUG PERIODIC WITHDRAWAL SCHEDULER START :: September 8, 2020 5:48 pm
2020-09-08T09:48:45+00:00 DEBUG Periodic withdrawal start. Vendor :: 43 Store :: APPROVAL TEST
2020-09-08T09:48:45+00:00 DEBUG Periodic withdrawal payment method missing. Vendor :: 43 Store :: APPROVAL TEST
2020-09-08T09:48:45+00:00 DEBUG Periodic withdrawal end. Vendor :: 43 Store :: APPROVAL TEST
2020-09-08T09:48:45+00:00 DEBUG Periodic withdrawal start. Vendor :: 32 Store :: Watch Seller
2020-09-08T09:48:45+00:00 DEBUG Periodic withdrawal payment method missing. Vendor :: 32 Store :: Watch Seller
2020-09-08T09:48:45+00:00 DEBUG Periodic withdrawal end. Vendor :: 32 Store :: Watch Seller
2020-09-08T09:48:45+00:00 DEBUG PERIODIC WITHDRAWAL SCHEDULER END :: September 8, 2020 5:48 pm
2020-09-08T11:37:38+00:00 DEBUG PERIODIC WITHDRAWAL SCHEDULER START :: September 8, 2020 7:37 pm
2020-09-08T11:37:38+00:00 DEBUG Periodic withdrawal start. Vendor :: 43 Store :: APPROVAL TEST
2020-09-08T11:37:38+00:00 DEBUG Periodic withdrawal payment method missing. Vendor :: 43 Store :: APPROVAL TEST
2020-09-08T11:37:38+00:00 DEBUG Periodic withdrawal end. Vendor :: 43 Store :: APPROVAL TEST
2020-09-08T11:37:38+00:00 DEBUG Periodic withdrawal start. Vendor :: 32 Store :: Watch Seller
2020-09-08T11:37:38+00:00 DEBUG Periodic withdrawal payment method missing. Vendor :: 32 Store :: Watch Seller
2020-09-08T11:37:38+00:00 DEBUG Periodic withdrawal end. Vendor :: 32 Store :: Watch Seller
2020-09-08T11:37:38+00:00 DEBUG PERIODIC WITHDRAWAL SCHEDULER END :: September 8, 2020 7:37 pm
